# JRE version: OpenJDK Runtime Environment (11.0.15) (build 11.0.15+0-b2043.56-9505619)
# Java VM: OpenJDK 64-Bit Server VM (11.0.15+0-b2043.56-9505619, mixed mode, tiered, compressed oops, g1 gc, windows-amd64)
Heap:
 garbage-first heap   total 63488K, used 40497K [0x0000000080000000, 0x0000000100000000)
  region size 1024K, 27 young (27648K), 2 survivors (2048K)
 Metaspace       used 19168K, capacity 19563K, committed 19840K, reserved 1067008K
  class space    used 2242K, capacity 2353K, committed 2432K, reserved 1048576K
GC Heap History (8 events):
Event: 16.340 GC heap before
{Heap before GC invocations=0 (full 0):
 garbage-first heap   total 63488K, used 16384K [0x0000000080000000, 0x0000000100000000)
  region size 1024K, 14 young (14336K), 0 survivors (0K)
 Metaspace       used 6749K, capacity 6929K, committed 7168K, reserved 1056768K
  class space    used 571K, capacity 650K, committed 768K, reserved 1048576K
}
Event: 16.350 GC heap after
{Heap after GC invocations=1 (full 0):
 garbage-first heap   total 63488K, used 4347K [0x0000000080000000, 0x0000000100000000)
  region size 1024K, 2 young (2048K), 2 survivors (2048K)
 Metaspace       used 6749K, capacity 6929K, committed 7168K, reserved 1056768K
  class space    used 571K, capacity 650K, committed 768K, reserved 1048576K
}
Event: 23.658 GC heap before
{Heap before GC invocations=1 (full 0):
 garbage-first heap   total 63488K, used 19707K [0x0000000080000000, 0x0000000100000000)
  region size 1024K, 14 young (14336K), 2 survivors (2048K)
 Metaspace       used 10295K, capacity 10499K, committed 10624K, reserved 1058816K
  class space    used 1054K, capacity 1141K, committed 1152K, reserved 1048576K
}
Event: 23.665 GC heap after
{Heap after GC invocations=2 (full 0):
 garbage-first heap   total 63488K, used 9293K [0x0000000080000000, 0x0000000100000000)
  region size 1024K, 2 young (2048K), 2 survivors (2048K)
 Metaspace       used 10295K, capacity 10499K, committed 10624K, reserved 1058816K
  class space    used 1054K, capacity 1141K, committed 1152K, reserved 1048576K
}
Event: 31.393 GC heap before
{Heap before GC invocations=2 (full 0):
 garbage-first heap   total 63488K, used 32845K [0x0000000080000000, 0x0000000100000000)
  region size 1024K, 26 young (26624K), 2 survivors (2048K)
 Metaspace       used 11262K, capacity 11455K, committed 11520K, reserved 1058816K
  class space    used 1155K, capacity 1246K, committed 1280K, reserved 1048576K
}
Event: 31.405 GC heap after
{Heap after GC invocations=3 (full 0):
 garbage-first heap   total 63488K, used 11077K [0x0000000080000000, 0x0000000100000000)
  region size 1024K, 4 young (4096K), 4 survivors (4096K)
 Metaspace       used 11262K, capacity 11455K, committed 11520K, reserved 1058816K
  class space    used 1155K, capacity 1246K, committed 1280K, reserved 1048576K
}
Event: 55.119 GC heap before
{Heap before GC invocations=3 (full 0):
 garbage-first heap   total 63488K, used 37701K [0x0000000080000000, 0x0000000100000000)
  region size 1024K, 30 young (30720K), 4 survivors (4096K)
 Metaspace       used 14541K, capacity 14856K, committed 15104K, reserved 1062912K
  class space    used 1618K, capacity 1720K, committed 1792K, reserved 1048576K
}
Event: 55.156 GC heap after
{Heap after GC invocations=4 (full 0):
 garbage-first heap   total 63488K, used 14897K [0x0000000080000000, 0x0000000100000000)
  region size 1024K, 4 young (4096K), 4 survivors (4096K)
 Metaspace       used 14541K, capacity 14856K, committed 15104K, reserved 1062912K
  class space    used 1618K, capacity 1720K, committed 1792K, reserved 1048576K
}

